<?xml version="1.0" encoding="UTF-8"?>
<!-- Generated by org.testng.reporters.JUnitReportReporter -->
<testsuite skipped="0" hostname="Pc" name="com.eNetBanking.testCases.TC_LoginPage_01" tests="1" failures="0" timestamp="16 Apr 2020 18:12:10 GMT" time="10.159" errors="0">
  <testcase name="login" time="10.159" classname="com.eNetBanking.testCases.TC_LoginPage_01"/>
</testsuite> <!-- com.eNetBanking.testCases.TC_LoginPage_01 -->
